{
  "uid" : "c14a44c655aa70a3",
  "name" : "Некорректные данные",
  "fullName" : "test_Converter_Insert_Field.TestField#test_converter_string[Chrome-incorrect_data1]",
  "historyId" : "2f1f59381539b4cd507ae91fe702dc69",
  "time" : {
    "start" : 1532951911094,
    "stop" : 1532951912926,
    "duration" : 1832
  },
  "status" : "failed",
  "statusMessage" : "AssertionError: assert '0' == ''\n  - 0",
  "statusTrace" : "self = <test_Converter_Insert_Field.TestField object at 0x0000000003E35898>\ndriver = <selenium.webdriver.chrome.webdriver.WebDriver (session=\"9069cc741c9dbab2eea49734dc5f1b52\")>\nincorrect_data = <Element 'incorrect_data' at 0x0000000003D79688>\nnumber_to_input = <function number_to_input.<locals>._input_action at 0x0000000003E13D08>\nconverter_page = None\nwait = <selenium.webdriver.support.wait.WebDriverWait (session=\"9069cc741c9dbab2eea49734dc5f1b52\")>\n\n    @allure.title(\"Некорректные данные\")\n    @pytest.mark.parametrize('incorrect_data', (tree.findall('incorrect_data')))\n    # Описание фикстур в Conftest\n    def test_converter_string(self, driver, incorrect_data, number_to_input, converter_page, wait):\n    \n        # Данные для ввода и название теста\n        input_data = incorrect_data.find('input_data').text\n        test_name = incorrect_data.find('test_name').text\n    \n        # Имя теста\n        with pytest.allure.step(test_name):\n    \n            number_to_input(input_data)\n    \n            with pytest.allure.step('Value поля ввода не изменилось'):\n>               assert wait.until(EC.element_to_be_clickable((By.CSS_SELECTOR, PageObjects.converter_insert_field))).get_attribute(\"value\") == ''\nE               AssertionError: assert '0' == ''\nE                 - 0\n\ntest_Converter_Insert_Field.py:50: AssertionError",
  "flaky" : false,
  "beforeStages" : [ {
    "name" : "driver",
    "time" : {
      "start" : 1532951783893,
      "stop" : 1532951797290,
      "duration" : 13397
    },
    "status" : "passed",
    "steps" : [ ],
    "attachments" : [ ],
    "parameters" : [ ],
    "stepsCount" : 0,
    "hasContent" : false,
    "attachmentsCount" : 0,
    "shouldDisplayMessage" : false
  }, {
    "name" : "number_to_input",
    "time" : {
      "start" : 1532951910473,
      "stop" : 1532951910473,
      "duration" : 0
    },
    "status" : "passed",
    "steps" : [ ],
    "attachments" : [ ],
    "parameters" : [ ],
    "stepsCount" : 0,
    "hasContent" : false,
    "attachmentsCount" : 0,
    "shouldDisplayMessage" : false
  }, {
    "name" : "wait",
    "time" : {
      "start" : 1532951910473,
      "stop" : 1532951910473,
      "duration" : 0
    },
    "status" : "passed",
    "steps" : [ ],
    "attachments" : [ ],
    "parameters" : [ ],
    "stepsCount" : 0,
    "hasContent" : false,
    "attachmentsCount" : 0,
    "shouldDisplayMessage" : false
  }, {
    "name" : "converter_page",
    "time" : {
      "start" : 1532951910474,
      "stop" : 1532951911093,
      "duration" : 619
    },
    "status" : "passed",
    "steps" : [ ],
    "attachments" : [ ],
    "parameters" : [ ],
    "stepsCount" : 0,
    "hasContent" : false,
    "attachmentsCount" : 0,
    "shouldDisplayMessage" : false
  } ],
  "testStage" : {
    "status" : "failed",
    "statusMessage" : "AssertionError: assert '0' == ''\n  - 0",
    "statusTrace" : "self = <test_Converter_Insert_Field.TestField object at 0x0000000003E35898>\ndriver = <selenium.webdriver.chrome.webdriver.WebDriver (session=\"9069cc741c9dbab2eea49734dc5f1b52\")>\nincorrect_data = <Element 'incorrect_data' at 0x0000000003D79688>\nnumber_to_input = <function number_to_input.<locals>._input_action at 0x0000000003E13D08>\nconverter_page = None\nwait = <selenium.webdriver.support.wait.WebDriverWait (session=\"9069cc741c9dbab2eea49734dc5f1b52\")>\n\n    @allure.title(\"Некорректные данные\")\n    @pytest.mark.parametrize('incorrect_data', (tree.findall('incorrect_data')))\n    # Описание фикстур в Conftest\n    def test_converter_string(self, driver, incorrect_data, number_to_input, converter_page, wait):\n    \n        # Данные для ввода и название теста\n        input_data = incorrect_data.find('input_data').text\n        test_name = incorrect_data.find('test_name').text\n    \n        # Имя теста\n        with pytest.allure.step(test_name):\n    \n            number_to_input(input_data)\n    \n            with pytest.allure.step('Value поля ввода не изменилось'):\n>               assert wait.until(EC.element_to_be_clickable((By.CSS_SELECTOR, PageObjects.converter_insert_field))).get_attribute(\"value\") == ''\nE               AssertionError: assert '0' == ''\nE                 - 0\n\ntest_Converter_Insert_Field.py:50: AssertionError",
    "steps" : [ {
      "name" : "Ввод числа: 0",
      "time" : {
        "start" : 1532951911094,
        "stop" : 1532951912925,
        "duration" : 1831
      },
      "status" : "failed",
      "statusMessage" : "AssertionError: assert '0' == ''\n  - 0\n",
      "statusTrace" : "  File \"C:\\Users\\User\\PycharmProjects\\SberbankTest1\\test_Converter_Insert_Field.py\", line 50, in test_converter_string\n    assert wait.until(EC.element_to_be_clickable((By.CSS_SELECTOR, PageObjects.converter_insert_field))).get_attribute(\"value\") == ''\n",
      "steps" : [ {
        "name" : "Двойной клик в поле ввода",
        "time" : {
          "start" : 1532951911094,
          "stop" : 1532951912625,
          "duration" : 1531
        },
        "status" : "passed",
        "steps" : [ ],
        "attachments" : [ ],
        "parameters" : [ ],
        "stepsCount" : 0,
        "hasContent" : false,
        "attachmentsCount" : 0,
        "shouldDisplayMessage" : false
      }, {
        "name" : "Ввод: 0, Enter",
        "time" : {
          "start" : 1532951912626,
          "stop" : 1532951912876,
          "duration" : 250
        },
        "status" : "passed",
        "steps" : [ ],
        "attachments" : [ ],
        "parameters" : [ ],
        "stepsCount" : 0,
        "hasContent" : false,
        "attachmentsCount" : 0,
        "shouldDisplayMessage" : false
      }, {
        "name" : "Value поля ввода не изменилось",
        "time" : {
          "start" : 1532951912876,
          "stop" : 1532951912925,
          "duration" : 49
        },
        "status" : "failed",
        "statusMessage" : "AssertionError: assert '0' == ''\n  - 0\n",
        "statusTrace" : "  File \"C:\\Users\\User\\PycharmProjects\\SberbankTest1\\test_Converter_Insert_Field.py\", line 50, in test_converter_string\n    assert wait.until(EC.element_to_be_clickable((By.CSS_SELECTOR, PageObjects.converter_insert_field))).get_attribute(\"value\") == ''\n",
        "steps" : [ ],
        "attachments" : [ ],
        "parameters" : [ ],
        "stepsCount" : 0,
        "hasContent" : true,
        "attachmentsCount" : 0,
        "shouldDisplayMessage" : true
      } ],
      "attachments" : [ ],
      "parameters" : [ ],
      "stepsCount" : 3,
      "hasContent" : true,
      "attachmentsCount" : 0,
      "shouldDisplayMessage" : false
    } ],
    "attachments" : [ ],
    "parameters" : [ ],
    "stepsCount" : 4,
    "hasContent" : true,
    "attachmentsCount" : 0,
    "shouldDisplayMessage" : true
  },
  "afterStages" : [ {
    "name" : "driver::quit",
    "time" : {
      "start" : 1532951930036,
      "stop" : 1532951932180,
      "duration" : 2144
    },
    "status" : "passed",
    "steps" : [ ],
    "attachments" : [ ],
    "parameters" : [ ],
    "stepsCount" : 0,
    "hasContent" : false,
    "attachmentsCount" : 0,
    "shouldDisplayMessage" : false
  } ],
  "labels" : [ {
    "name" : "story",
    "value" : "Тест строки ввода калькулятора валют"
  }, {
    "name" : "host",
    "value" : "User-PC"
  }, {
    "name" : "thread",
    "value" : "8276-MainThread"
  }, {
    "name" : "framework",
    "value" : "pytest"
  }, {
    "name" : "language",
    "value" : "cpython3"
  }, {
    "name" : "package",
    "value" : "test_Converter_Insert_Field"
  }, {
    "name" : "resultFormat",
    "value" : "allure2"
  } ],
  "parameters" : [ {
    "name" : "driver",
    "value" : "'Chrome'"
  }, {
    "name" : "incorrect_data",
    "value" : "<Element 'incorrect_data' at 0x0000000003D79688>"
  } ],
  "links" : [ ],
  "hidden" : false,
  "retry" : false,
  "extra" : {
    "severity" : "normal",
    "retries" : [ ],
    "categories" : [ {
      "name" : "Product defects",
      "matchedStatuses" : [ ],
      "flaky" : false
    } ],
    "tags" : [ ]
  },
  "source" : "c14a44c655aa70a3.json",
  "parameterValues" : [ "'Chrome'", "<Element 'incorrect_data' at 0x0000000003D79688>" ]
}